<?xml version="1.0" encoding="UTF-8"?>
<coverage generated="1549661450">
  <project timestamp="1549661450">
    <package name="App\Domain\Authors\Controllers">
      <file name="/var/www/html/library_api/application/app/Domain/Authors/Controllers/AuthorsController.php">
        <class name="App\Domain\Authors\Controllers\AuthorsController" namespace="App\Domain\Authors\Controllers">
          <metrics complexity="7" methods="4" coveredmethods="4" conditionals="0" coveredconditionals="0" statements="18" coveredstatements="18" elements="22" coveredelements="22"/>
        </class>
        <line num="15" type="method" name="getAll" visibility="public" complexity="1" crap="1" count="1"/>
        <line num="17" type="stmt" count="1"/>
        <line num="18" type="stmt" count="1"/>
        <line num="21" type="method" name="getById" visibility="public" complexity="1" crap="1" count="1"/>
        <line num="23" type="stmt" count="1"/>
        <line num="24" type="stmt" count="1"/>
        <line num="27" type="method" name="store" visibility="public" complexity="3" crap="3" count="3"/>
        <line num="30" type="stmt" count="3"/>
        <line num="31" type="stmt" count="3"/>
        <line num="32" type="stmt" count="3"/>
        <line num="33" type="stmt" count="1"/>
        <line num="34" type="stmt" count="2"/>
        <line num="35" type="stmt" count="1"/>
        <line num="36" type="stmt" count="1"/>
        <line num="37" type="stmt" count="1"/>
        <line num="41" type="method" name="create" visibility="public" complexity="2" crap="2" count="2"/>
        <line num="44" type="stmt" count="2"/>
        <line num="45" type="stmt" count="2"/>
        <line num="46" type="stmt" count="2"/>
        <line num="47" type="stmt" count="1"/>
        <line num="48" type="stmt" count="1"/>
        <line num="49" type="stmt" count="1"/>
        <metrics loc="51" ncloc="51" classes="1" methods="4" coveredmethods="4" conditionals="0" coveredconditionals="0" statements="18" coveredstatements="18" elements="22" coveredelements="22"/>
      </file>
    </package>
    <package name="App\Domain\Authors\Entities">
      <file name="/var/www/html/library_api/application/app/Domain/Authors/Entities/AuthorEntity.php">
        <class name="App\Domain\Authors\Entities\AuthorEntity" namespace="App\Domain\Authors\Entities">
          <metrics complexity="2" methods="2" coveredmethods="1" conditionals="0" coveredconditionals="0" statements="2" coveredstatements="1" elements="4" coveredelements="2"/>
        </class>
        <line num="16" type="method" name="books" visibility="public" complexity="1" crap="2.00" count="0"/>
        <line num="18" type="stmt" count="0"/>
        <line num="21" type="method" name="scopeActive" visibility="public" complexity="1" crap="1" count="2"/>
        <line num="23" type="stmt" count="2"/>
        <metrics loc="25" ncloc="25" classes="1" methods="2" coveredmethods="1" conditionals="0" coveredconditionals="0" statements="2" coveredstatements="1" elements="4" coveredelements="2"/>
      </file>
    </package>
    <package name="App\Domain\Authors\Exceptions">
      <file name="/var/www/html/library_api/application/app/Domain/Authors/Exceptions/AuthorEditException.php">
        <class name="App\Domain\Authors\Exceptions\AuthorEditException" namespace="App\Domain\Authors\Exceptions">
          <metrics complexity="0" methods="0" coveredmethods="0" conditionals="0" coveredconditionals="0" statements="0" coveredstatements="0" elements="0" coveredelements="0"/>
        </class>
        <metrics loc="6" ncloc="6" classes="0" methods="0" coveredmethods="0" conditionals="0" coveredconditionals="0" statements="0" coveredstatements="0" elements="0" coveredelements="0"/>
      </file>
      <file name="/var/www/html/library_api/application/app/Domain/Authors/Exceptions/AuthorNotFoundException.php">
        <class name="App\Domain\Authors\Exceptions\AuthorNotFoundException" namespace="App\Domain\Authors\Exceptions">
          <metrics complexity="0" methods="0" coveredmethods="0" conditionals="0" coveredconditionals="0" statements="0" coveredstatements="0" elements="0" coveredelements="0"/>
        </class>
        <metrics loc="7" ncloc="7" classes="0" methods="0" coveredmethods="0" conditionals="0" coveredconditionals="0" statements="0" coveredstatements="0" elements="0" coveredelements="0"/>
      </file>
    </package>
    <package name="App\Domain\Authors\Repositories">
      <file name="/var/www/html/library_api/application/app/Domain/Authors/Repositories/AuthorCacheRepository.php">
        <class name="App\Domain\Authors\Repositories\AuthorCacheRepository" namespace="App\Domain\Authors\Repositories">
          <metrics complexity="3" methods="3" coveredmethods="3" conditionals="0" coveredconditionals="0" statements="6" coveredstatements="6" elements="9" coveredelements="9"/>
        </class>
        <line num="15" type="method" name="__construct" visibility="public" complexity="1" crap="1" count="17"/>
        <line num="17" type="stmt" count="17"/>
        <line num="18" type="stmt" count="17"/>
        <line num="20" type="method" name="getAll" visibility="public" complexity="1" crap="1" count="2"/>
        <line num="23" type="stmt" count="2"/>
        <line num="24" type="stmt" count="2"/>
        <line num="28" type="method" name="find" visibility="public" complexity="1" crap="1" count="15"/>
        <line num="31" type="stmt" count="15"/>
        <line num="32" type="stmt" count="15"/>
        <metrics loc="33" ncloc="33" classes="1" methods="3" coveredmethods="3" conditionals="0" coveredconditionals="0" statements="6" coveredstatements="6" elements="9" coveredelements="9"/>
      </file>
      <file name="/var/www/html/library_api/application/app/Domain/Authors/Repositories/AuthorRepository.php">
        <class name="App\Domain\Authors\Repositories\AuthorRepository" namespace="App\Domain\Authors\Repositories">
          <metrics complexity="5" methods="5" coveredmethods="5" conditionals="0" coveredconditionals="0" statements="7" coveredstatements="7" elements="12" coveredelements="12"/>
        </class>
        <line num="12" type="method" name="__construct" visibility="public" complexity="1" crap="1" count="25"/>
        <line num="14" type="stmt" count="25"/>
        <line num="15" type="stmt" count="25"/>
        <line num="17" type="method" name="getAll" visibility="public" complexity="1" crap="1" count="2"/>
        <line num="19" type="stmt" count="2"/>
        <line num="22" type="method" name="find" visibility="public" complexity="1" crap="1" count="18"/>
        <line num="24" type="stmt" count="18"/>
        <line num="27" type="method" name="create" visibility="public" complexity="1" crap="1" count="2"/>
        <line num="29" type="stmt" count="2"/>
        <line num="32" type="method" name="update" visibility="public" complexity="1" crap="1" count="2"/>
        <line num="34" type="stmt" count="2"/>
        <line num="35" type="stmt" count="2"/>
        <metrics loc="37" ncloc="37" classes="1" methods="5" coveredmethods="5" conditionals="0" coveredconditionals="0" statements="7" coveredstatements="7" elements="12" coveredelements="12"/>
      </file>
    </package>
    <package name="App\Domain\Authors\Resources">
      <file name="/var/www/html/library_api/application/app/Domain/Authors/Resources/AuthorListResource.php">
        <class name="App\Domain\Authors\Resources\AuthorListResource" namespace="App\Domain\Authors\Resources">
          <metrics complexity="1" methods="1" coveredmethods="1" conditionals="0" coveredconditionals="0" statements="1" coveredstatements="1" elements="2" coveredelements="2"/>
        </class>
        <line num="11" type="method" name="toArray" visibility="public" complexity="1" crap="1" count="2"/>
        <line num="13" type="stmt" count="2"/>
        <metrics loc="14" ncloc="14" classes="1" methods="1" coveredmethods="1" conditionals="0" coveredconditionals="0" statements="1" coveredstatements="1" elements="2" coveredelements="2"/>
      </file>
      <file name="/var/www/html/library_api/application/app/Domain/Authors/Resources/AuthorResource.php">
        <class name="App\Domain\Authors\Resources\AuthorResource" namespace="App\Domain\Authors\Resources">
          <metrics complexity="1" methods="1" coveredmethods="1" conditionals="0" coveredconditionals="0" statements="2" coveredstatements="2" elements="3" coveredelements="3"/>
        </class>
        <line num="8" type="method" name="toArray" visibility="public" complexity="1" crap="1" count="6"/>
        <line num="11" type="stmt" count="6"/>
        <line num="12" type="stmt" count="6"/>
        <metrics loc="14" ncloc="14" classes="1" methods="1" coveredmethods="1" conditionals="0" coveredconditionals="0" statements="2" coveredstatements="2" elements="3" coveredelements="3"/>
      </file>
    </package>
    <package name="App\Domain\Authors\Services">
      <file name="/var/www/html/library_api/application/app/Domain/Authors/Services/AuthorService.php">
        <class name="App\Domain\Authors\Services\AuthorService" namespace="App\Domain\Authors\Services">
          <metrics complexity="9" methods="5" coveredmethods="5" conditionals="0" coveredconditionals="0" statements="22" coveredstatements="22" elements="27" coveredelements="27"/>
        </class>
        <line num="21" type="method" name="__construct" visibility="public" complexity="1" crap="1" count="25"/>
        <line num="23" type="stmt" count="25"/>
        <line num="24" type="stmt" count="25"/>
        <line num="26" type="method" name="getAll" visibility="public" complexity="1" crap="1" count="2"/>
        <line num="28" type="stmt" count="2"/>
        <line num="29" type="stmt" count="2"/>
        <line num="32" type="method" name="create" visibility="public" complexity="2" crap="2" count="4"/>
        <line num="34" type="stmt" count="4"/>
        <line num="35" type="stmt" count="4"/>
        <line num="37" type="stmt" count="4"/>
        <line num="38" type="stmt" count="2"/>
        <line num="41" type="stmt" count="2"/>
        <line num="44" type="method" name="update" visibility="public" complexity="3" crap="3" count="6"/>
        <line num="46" type="stmt" count="6"/>
        <line num="47" type="stmt" count="6"/>
        <line num="48" type="stmt" count="6"/>
        <line num="50" type="stmt" count="6"/>
        <line num="51" type="stmt" count="2"/>
        <line num="54" type="stmt" count="4"/>
        <line num="55" type="stmt" count="2"/>
        <line num="58" type="stmt" count="2"/>
        <line num="61" type="method" name="getById" visibility="public" complexity="2" crap="2" count="15"/>
        <line num="63" type="stmt" count="15"/>
        <line num="64" type="stmt" count="15"/>
        <line num="65" type="stmt" count="15"/>
        <line num="66" type="stmt" count="4"/>
        <line num="68" type="stmt" count="11"/>
        <metrics loc="70" ncloc="70" classes="1" methods="5" coveredmethods="5" conditionals="0" coveredconditionals="0" statements="22" coveredstatements="22" elements="27" coveredelements="27"/>
      </file>
    </package>
    <package name="App\Domain\Authors\Validators">
      <file name="/var/www/html/library_api/application/app/Domain/Authors/Validators/AuthorValidator.php">
        <class name="App\Domain\Authors\Validators\AuthorValidator" namespace="App\Domain\Authors\Validators">
          <metrics complexity="5" methods="5" coveredmethods="5" conditionals="0" coveredconditionals="0" statements="10" coveredstatements="10" elements="15" coveredelements="15"/>
        </class>
        <line num="11" type="method" name="__construct" visibility="public" complexity="1" crap="1" count="10"/>
        <line num="13" type="stmt" count="10"/>
        <line num="14" type="stmt" count="10"/>
        <line num="16" type="method" name="validateCreate" visibility="public" complexity="1" crap="1" count="4"/>
        <line num="18" type="stmt" count="4"/>
        <line num="19" type="stmt" count="4"/>
        <line num="23" type="method" name="validateUpdate" visibility="public" complexity="1" crap="1" count="6"/>
        <line num="25" type="stmt" count="6"/>
        <line num="26" type="stmt" count="6"/>
        <line num="30" type="method" name="make" visibility="public" complexity="1" crap="1" count="10"/>
        <line num="32" type="stmt" count="10"/>
        <line num="33" type="stmt" count="10"/>
        <line num="36" type="method" name="setMessages" visibility="private" complexity="1" crap="1" count="10"/>
        <line num="38" type="stmt" count="10"/>
        <line num="42" type="stmt" count="10"/>
        <metrics loc="44" ncloc="44" classes="1" methods="5" coveredmethods="5" conditionals="0" coveredconditionals="0" statements="10" coveredstatements="10" elements="15" coveredelements="15"/>
      </file>
    </package>
    <package name="App\Domain\Books\Controllers">
      <file name="/var/www/html/library_api/application/app/Domain/Books/Controllers/BooksController.php">
        <class name="App\Domain\Books\Controllers\BooksController" namespace="App\Domain\Books\Controllers">
          <metrics complexity="11" methods="4" coveredmethods="4" conditionals="0" coveredconditionals="0" statements="26" coveredstatements="26" elements="30" coveredelements="30"/>
        </class>
        <line num="17" type="method" name="getAll" visibility="public" complexity="1" crap="1" count="1"/>
        <line num="19" type="stmt" count="1"/>
        <line num="20" type="stmt" count="1"/>
        <line num="23" type="method" name="getById" visibility="public" complexity="1" crap="1" count="1"/>
        <line num="25" type="stmt" count="1"/>
        <line num="26" type="stmt" count="1"/>
        <line num="29" type="method" name="store" visibility="public" complexity="5" crap="5" count="5"/>
        <line num="32" type="stmt" count="5"/>
        <line num="33" type="stmt" count="5"/>
        <line num="34" type="stmt" count="5"/>
        <line num="35" type="stmt" count="1"/>
        <line num="36" type="stmt" count="4"/>
        <line num="37" type="stmt" count="1"/>
        <line num="38" type="stmt" count="3"/>
        <line num="39" type="stmt" count="1"/>
        <line num="40" type="stmt" count="2"/>
        <line num="41" type="stmt" count="1"/>
        <line num="42" type="stmt" count="1"/>
        <line num="43" type="stmt" count="1"/>
        <line num="47" type="method" name="create" visibility="public" complexity="4" crap="4" count="4"/>
        <line num="50" type="stmt" count="4"/>
        <line num="51" type="stmt" count="4"/>
        <line num="52" type="stmt" count="4"/>
        <line num="53" type="stmt" count="1"/>
        <line num="54" type="stmt" count="3"/>
        <line num="55" type="stmt" count="1"/>
        <line num="56" type="stmt" count="2"/>
        <line num="57" type="stmt" count="1"/>
        <line num="58" type="stmt" count="1"/>
        <line num="59" type="stmt" count="1"/>
        <metrics loc="61" ncloc="61" classes="1" methods="4" coveredmethods="4" conditionals="0" coveredconditionals="0" statements="26" coveredstatements="26" elements="30" coveredelements="30"/>
      </file>
    </package>
    <package name="App\Domain\Books\Entities">
      <file name="/var/www/html/library_api/application/app/Domain/Books/Entities/BookEntity.php">
        <class name="App\Domain\Books\Entities\BookEntity" namespace="App\Domain\Books\Entities">
          <metrics complexity="3" methods="3" coveredmethods="2" conditionals="0" coveredconditionals="0" statements="3" coveredstatements="2" elements="6" coveredelements="4"/>
        </class>
        <line num="19" type="method" name="authors" visibility="public" complexity="1" crap="1" count="51"/>
        <line num="21" type="stmt" count="51"/>
        <line num="24" type="method" name="disciplines" visibility="public" complexity="1" crap="1" count="51"/>
        <line num="26" type="stmt" count="51"/>
        <line num="29" type="method" name="scopeActive" visibility="public" complexity="1" crap="2.00" count="0"/>
        <line num="31" type="stmt" count="0"/>
        <metrics loc="33" ncloc="33" classes="1" methods="3" coveredmethods="2" conditionals="0" coveredconditionals="0" statements="3" coveredstatements="2" elements="6" coveredelements="4"/>
      </file>
    </package>
    <package name="App\Domain\Books\Exceptions">
      <file name="/var/www/html/library_api/application/app/Domain/Books/Exceptions/BookEditException.php">
        <class name="App\Domain\Books\Exceptions\BookEditException" namespace="App\Domain\Books\Exceptions">
          <metrics complexity="0" methods="0" coveredmethods="0" conditionals="0" coveredconditionals="0" statements="0" coveredstatements="0" elements="0" coveredelements="0"/>
        </class>
        <metrics loc="6" ncloc="6" classes="0" methods="0" coveredmethods="0" conditionals="0" coveredconditionals="0" statements="0" coveredstatements="0" elements="0" coveredelements="0"/>
      </file>
      <file name="/var/www/html/library_api/application/app/Domain/Books/Exceptions/BookNotFoundException.php">
        <class name="App\Domain\Books\Exceptions\BookNotFoundException" namespace="App\Domain\Books\Exceptions">
          <metrics complexity="0" methods="0" coveredmethods="0" conditionals="0" coveredconditionals="0" statements="0" coveredstatements="0" elements="0" coveredelements="0"/>
        </class>
        <metrics loc="7" ncloc="7" classes="0" methods="0" coveredmethods="0" conditionals="0" coveredconditionals="0" statements="0" coveredstatements="0" elements="0" coveredelements="0"/>
      </file>
    </package>
    <package name="App\Domain\Books\Repositories">
      <file name="/var/www/html/library_api/application/app/Domain/Books/Repositories/BookCacheRepository.php">
        <class name="App\Domain\Books\Repositories\BookCacheRepository" namespace="App\Domain\Books\Repositories">
          <metrics complexity="3" methods="3" coveredmethods="3" conditionals="0" coveredconditionals="0" statements="6" coveredstatements="6" elements="9" coveredelements="9"/>
        </class>
        <line num="15" type="method" name="__construct" visibility="public" complexity="1" crap="1" count="7"/>
        <line num="17" type="stmt" count="7"/>
        <line num="18" type="stmt" count="7"/>
        <line num="20" type="method" name="getAll" visibility="public" complexity="1" crap="1" count="2"/>
        <line num="23" type="stmt" count="2"/>
        <line num="24" type="stmt" count="2"/>
        <line num="28" type="method" name="find" visibility="public" complexity="1" crap="1" count="5"/>
        <line num="31" type="stmt" count="5"/>
        <line num="32" type="stmt" count="5"/>
        <metrics loc="33" ncloc="33" classes="1" methods="3" coveredmethods="3" conditionals="0" coveredconditionals="0" statements="6" coveredstatements="6" elements="9" coveredelements="9"/>
      </file>
      <file name="/var/www/html/library_api/application/app/Domain/Books/Repositories/BookRepository.php">
        <class name="App\Domain\Books\Repositories\BookRepository" namespace="App\Domain\Books\Repositories">
          <metrics complexity="7" methods="7" coveredmethods="7" conditionals="0" coveredconditionals="0" statements="15" coveredstatements="15" elements="22" coveredelements="22"/>
        </class>
        <line num="12" type="method" name="__construct" visibility="public" complexity="1" crap="1" count="21"/>
        <line num="14" type="stmt" count="21"/>
        <line num="15" type="stmt" count="21"/>
        <line num="17" type="method" name="getAll" visibility="public" complexity="1" crap="1" count="2"/>
        <line num="19" type="stmt" count="2"/>
        <line num="22" type="method" name="find" visibility="public" complexity="1" crap="1" count="10"/>
        <line num="24" type="stmt" count="10"/>
        <line num="27" type="method" name="create" visibility="public" complexity="1" crap="1" count="2"/>
        <line num="29" type="stmt" count="2"/>
        <line num="31" type="stmt" count="2"/>
        <line num="32" type="stmt" count="2"/>
        <line num="34" type="stmt" count="2"/>
        <line num="37" type="method" name="update" visibility="public" complexity="1" crap="1" count="2"/>
        <line num="39" type="stmt" count="2"/>
        <line num="40" type="stmt" count="2"/>
        <line num="42" type="stmt" count="2"/>
        <line num="43" type="stmt" count="2"/>
        <line num="45" type="stmt" count="2"/>
        <line num="48" type="method" name="syncAuthors" visibility="public" complexity="1" crap="1" count="4"/>
        <line num="50" type="stmt" count="4"/>
        <line num="53" type="method" name="syncDisciplines" visibility="public" complexity="1" crap="1" count="4"/>
        <line num="55" type="stmt" count="4"/>
        <metrics loc="57" ncloc="57" classes="1" methods="7" coveredmethods="7" conditionals="0" coveredconditionals="0" statements="15" coveredstatements="15" elements="22" coveredelements="22"/>
      </file>
    </package>
    <package name="App\Domain\Books\Resources">
      <file name="/var/www/html/library_api/application/app/Domain/Books/Resources/BookListResource.php">
        <class name="App\Domain\Books\Resources\BookListResource" namespace="App\Domain\Books\Resources">
          <metrics complexity="1" methods="1" coveredmethods="1" conditionals="0" coveredconditionals="0" statements="1" coveredstatements="1" elements="2" coveredelements="2"/>
        </class>
        <line num="11" type="method" name="toArray" visibility="public" complexity="1" crap="1" count="2"/>
        <line num="13" type="stmt" count="2"/>
        <metrics loc="14" ncloc="14" classes="1" methods="1" coveredmethods="1" conditionals="0" coveredconditionals="0" statements="1" coveredstatements="1" elements="2" coveredelements="2"/>
      </file>
      <file name="/var/www/html/library_api/application/app/Domain/Books/Resources/BookResource.php">
        <class name="App\Domain\Books\Resources\BookResource" namespace="App\Domain\Books\Resources">
          <metrics complexity="1" methods="1" coveredmethods="1" conditionals="0" coveredconditionals="0" statements="10" coveredstatements="10" elements="11" coveredelements="11"/>
        </class>
        <line num="8" type="method" name="toArray" visibility="public" complexity="1" crap="1" count="6"/>
        <line num="11" type="stmt" count="6"/>
        <line num="12" type="stmt" count="6"/>
        <line num="13" type="stmt" count="6"/>
        <line num="14" type="stmt" count="6"/>
        <line num="16" type="stmt" count="6"/>
        <line num="17" type="stmt" count="6"/>
        <line num="18" type="stmt" count="6"/>
        <line num="20" type="stmt" count="6"/>
        <line num="21" type="stmt" count="6"/>
        <line num="22" type="stmt" count="6"/>
        <metrics loc="25" ncloc="25" classes="1" methods="1" coveredmethods="1" conditionals="0" coveredconditionals="0" statements="10" coveredstatements="10" elements="11" coveredelements="11"/>
      </file>
    </package>
    <package name="App\Domain\Books\Services">
      <file name="/var/www/html/library_api/application/app/Domain/Books/Services/BookService.php">
        <class name="App\Domain\Books\Services\BookService" namespace="App\Domain\Books\Services">
          <metrics complexity="13" methods="7" coveredmethods="7" conditionals="0" coveredconditionals="0" statements="37" coveredstatements="37" elements="44" coveredelements="44"/>
        </class>
        <line num="22" type="method" name="__construct" visibility="public" complexity="1" crap="1" count="21"/>
        <line num="24" type="stmt" count="21"/>
        <line num="25" type="stmt" count="21"/>
        <line num="27" type="method" name="getAll" visibility="public" complexity="1" crap="1" count="2"/>
        <line num="29" type="stmt" count="2"/>
        <line num="30" type="stmt" count="2"/>
        <line num="33" type="method" name="create" visibility="public" complexity="2" crap="2" count="8"/>
        <line num="35" type="stmt" count="8"/>
        <line num="37" type="stmt" count="8"/>
        <line num="38" type="stmt" count="8"/>
        <line num="40" type="stmt" count="8"/>
        <line num="41" type="stmt" count="2"/>
        <line num="44" type="stmt" count="6"/>
        <line num="45" type="stmt" count="4"/>
        <line num="47" type="stmt" count="2"/>
        <line num="48" type="stmt" count="2"/>
        <line num="51" type="method" name="update" visibility="public" complexity="3" crap="3" count="8"/>
        <line num="53" type="stmt" count="8"/>
        <line num="54" type="stmt" count="8"/>
        <line num="56" type="stmt" count="8"/>
        <line num="57" type="stmt" count="8"/>
        <line num="59" type="stmt" count="8"/>
        <line num="60" type="stmt" count="2"/>
        <line num="63" type="stmt" count="6"/>
        <line num="64" type="stmt" count="2"/>
        <line num="67" type="stmt" count="4"/>
        <line num="68" type="stmt" count="3"/>
        <line num="70" type="stmt" count="2"/>
        <line num="73" type="method" name="getById" visibility="public" complexity="2" crap="2" count="5"/>
        <line num="75" type="stmt" count="5"/>
        <line num="76" type="stmt" count="5"/>
        <line num="77" type="stmt" count="5"/>
        <line num="78" type="stmt" count="1"/>
        <line num="80" type="stmt" count="4"/>
        <line num="83" type="method" name="verifyAuthors" visibility="private" complexity="2" crap="2" count="10"/>
        <line num="85" type="stmt" count="10"/>
        <line num="86" type="stmt" count="10"/>
        <line num="87" type="stmt" count="10"/>
        <line num="89" type="stmt" count="7"/>
        <line num="91" type="method" name="verifyDiscliplines" visibility="private" complexity="2" crap="2" count="7"/>
        <line num="93" type="stmt" count="7"/>
        <line num="94" type="stmt" count="7"/>
        <line num="95" type="stmt" count="7"/>
        <line num="97" type="stmt" count="4"/>
        <metrics loc="98" ncloc="98" classes="1" methods="7" coveredmethods="7" conditionals="0" coveredconditionals="0" statements="37" coveredstatements="37" elements="44" coveredelements="44"/>
      </file>
    </package>
    <package name="App\Domain\Books\Validators">
      <file name="/var/www/html/library_api/application/app/Domain/Books/Validators/BookValidator.php">
        <class name="App\Domain\Books\Validators\BookValidator" namespace="App\Domain\Books\Validators">
          <metrics complexity="5" methods="5" coveredmethods="5" conditionals="0" coveredconditionals="0" statements="13" coveredstatements="13" elements="18" coveredelements="18"/>
        </class>
        <line num="11" type="method" name="__construct" visibility="public" complexity="1" crap="1" count="16"/>
        <line num="13" type="stmt" count="16"/>
        <line num="14" type="stmt" count="16"/>
        <line num="16" type="method" name="validateCreate" visibility="public" complexity="1" crap="1" count="8"/>
        <line num="18" type="stmt" count="8"/>
        <line num="19" type="stmt" count="8"/>
        <line num="26" type="method" name="validateUpdate" visibility="public" complexity="1" crap="1" count="8"/>
        <line num="28" type="stmt" count="8"/>
        <line num="29" type="stmt" count="8"/>
        <line num="30" type="stmt" count="8"/>
        <line num="31" type="stmt" count="8"/>
        <line num="32" type="stmt" count="8"/>
        <line num="36" type="method" name="make" visibility="public" complexity="1" crap="1" count="16"/>
        <line num="38" type="stmt" count="16"/>
        <line num="39" type="stmt" count="16"/>
        <line num="42" type="method" name="setMessages" visibility="private" complexity="1" crap="1" count="16"/>
        <line num="44" type="stmt" count="16"/>
        <line num="52" type="stmt" count="16"/>
        <metrics loc="54" ncloc="54" classes="1" methods="5" coveredmethods="5" conditionals="0" coveredconditionals="0" statements="13" coveredstatements="13" elements="18" coveredelements="18"/>
      </file>
    </package>
    <package name="App\Domain\Disciplines\Controllers">
      <file name="/var/www/html/library_api/application/app/Domain/Disciplines/Controllers/DisciplinesController.php">
        <class name="App\Domain\Disciplines\Controllers\DisciplinesController" namespace="App\Domain\Disciplines\Controllers">
          <metrics complexity="7" methods="4" coveredmethods="4" conditionals="0" coveredconditionals="0" statements="18" coveredstatements="18" elements="22" coveredelements="22"/>
        </class>
        <line num="15" type="method" name="getAll" visibility="public" complexity="1" crap="1" count="1"/>
        <line num="17" type="stmt" count="1"/>
        <line num="18" type="stmt" count="1"/>
        <line num="21" type="method" name="getById" visibility="public" complexity="1" crap="1" count="1"/>
        <line num="23" type="stmt" count="1"/>
        <line num="24" type="stmt" count="1"/>
        <line num="27" type="method" name="store" visibility="public" complexity="3" crap="3" count="3"/>
        <line num="30" type="stmt" count="3"/>
        <line num="31" type="stmt" count="3"/>
        <line num="32" type="stmt" count="3"/>
        <line num="33" type="stmt" count="1"/>
        <line num="34" type="stmt" count="2"/>
        <line num="35" type="stmt" count="1"/>
        <line num="36" type="stmt" count="1"/>
        <line num="37" type="stmt" count="1"/>
        <line num="41" type="method" name="create" visibility="public" complexity="2" crap="2" count="2"/>
        <line num="44" type="stmt" count="2"/>
        <line num="45" type="stmt" count="2"/>
        <line num="46" type="stmt" count="2"/>
        <line num="47" type="stmt" count="1"/>
        <line num="48" type="stmt" count="1"/>
        <line num="49" type="stmt" count="1"/>
        <metrics loc="51" ncloc="51" classes="1" methods="4" coveredmethods="4" conditionals="0" coveredconditionals="0" statements="18" coveredstatements="18" elements="22" coveredelements="22"/>
      </file>
    </package>
    <package name="App\Domain\Disciplines\Entities">
      <file name="/var/www/html/library_api/application/app/Domain/Disciplines/Entities/DisciplineEntity.php">
        <class name="App\Domain\Disciplines\Entities\DisciplineEntity" namespace="App\Domain\Disciplines\Entities">
          <metrics complexity="2" methods="2" coveredmethods="1" conditionals="0" coveredconditionals="0" statements="2" coveredstatements="1" elements="4" coveredelements="2"/>
        </class>
        <line num="15" type="method" name="books" visibility="public" complexity="1" crap="2.00" count="0"/>
        <line num="17" type="stmt" count="0"/>
        <line num="20" type="method" name="scopeActive" visibility="public" complexity="1" crap="1" count="2"/>
        <line num="22" type="stmt" count="2"/>
        <metrics loc="24" ncloc="24" classes="1" methods="2" coveredmethods="1" conditionals="0" coveredconditionals="0" statements="2" coveredstatements="1" elements="4" coveredelements="2"/>
      </file>
    </package>
    <package name="App\Domain\Disciplines\Exceptions">
      <file name="/var/www/html/library_api/application/app/Domain/Disciplines/Exceptions/DisciplineEditException.php">
        <class name="App\Domain\Disciplines\Exceptions\DisciplineEditException" namespace="App\Domain\Disciplines\Exceptions">
          <metrics complexity="0" methods="0" coveredmethods="0" conditionals="0" coveredconditionals="0" statements="0" coveredstatements="0" elements="0" coveredelements="0"/>
        </class>
        <metrics loc="6" ncloc="6" classes="0" methods="0" coveredmethods="0" conditionals="0" coveredconditionals="0" statements="0" coveredstatements="0" elements="0" coveredelements="0"/>
      </file>
      <file name="/var/www/html/library_api/application/app/Domain/Disciplines/Exceptions/DisciplineNotFoundException.php">
        <class name="App\Domain\Disciplines\Exceptions\DisciplineNotFoundException" namespace="App\Domain\Disciplines\Exceptions">
          <metrics complexity="0" methods="0" coveredmethods="0" conditionals="0" coveredconditionals="0" statements="0" coveredstatements="0" elements="0" coveredelements="0"/>
        </class>
        <metrics loc="7" ncloc="7" classes="0" methods="0" coveredmethods="0" conditionals="0" coveredconditionals="0" statements="0" coveredstatements="0" elements="0" coveredelements="0"/>
      </file>
    </package>
    <package name="App\Domain\Disciplines\Repositories">
      <file name="/var/www/html/library_api/application/app/Domain/Disciplines/Repositories/DisciplineCacheRepository.php">
        <class name="App\Domain\Disciplines\Repositories\DisciplineCacheRepository" namespace="App\Domain\Disciplines\Repositories">
          <metrics complexity="3" methods="3" coveredmethods="3" conditionals="0" coveredconditionals="0" statements="6" coveredstatements="6" elements="9" coveredelements="9"/>
        </class>
        <line num="15" type="method" name="__construct" visibility="public" complexity="1" crap="1" count="14"/>
        <line num="17" type="stmt" count="14"/>
        <line num="18" type="stmt" count="14"/>
        <line num="20" type="method" name="getAll" visibility="public" complexity="1" crap="1" count="2"/>
        <line num="23" type="stmt" count="2"/>
        <line num="24" type="stmt" count="2"/>
        <line num="28" type="method" name="find" visibility="public" complexity="1" crap="1" count="12"/>
        <line num="31" type="stmt" count="12"/>
        <line num="32" type="stmt" count="12"/>
        <metrics loc="33" ncloc="33" classes="1" methods="3" coveredmethods="3" conditionals="0" coveredconditionals="0" statements="6" coveredstatements="6" elements="9" coveredelements="9"/>
      </file>
      <file name="/var/www/html/library_api/application/app/Domain/Disciplines/Repositories/DisciplineRepository.php">
        <class name="App\Domain\Disciplines\Repositories\DisciplineRepository" namespace="App\Domain\Disciplines\Repositories">
          <metrics complexity="5" methods="5" coveredmethods="5" conditionals="0" coveredconditionals="0" statements="7" coveredstatements="7" elements="12" coveredelements="12"/>
        </class>
        <line num="12" type="method" name="__construct" visibility="public" complexity="1" crap="1" count="22"/>
        <line num="14" type="stmt" count="22"/>
        <line num="15" type="stmt" count="22"/>
        <line num="17" type="method" name="getAll" visibility="public" complexity="1" crap="1" count="2"/>
        <line num="19" type="stmt" count="2"/>
        <line num="22" type="method" name="find" visibility="public" complexity="1" crap="1" count="15"/>
        <line num="24" type="stmt" count="15"/>
        <line num="27" type="method" name="create" visibility="public" complexity="1" crap="1" count="2"/>
        <line num="29" type="stmt" count="2"/>
        <line num="32" type="method" name="update" visibility="public" complexity="1" crap="1" count="2"/>
        <line num="34" type="stmt" count="2"/>
        <line num="35" type="stmt" count="2"/>
        <metrics loc="37" ncloc="37" classes="1" methods="5" coveredmethods="5" conditionals="0" coveredconditionals="0" statements="7" coveredstatements="7" elements="12" coveredelements="12"/>
      </file>
    </package>
    <package name="App\Domain\Disciplines\Resources">
      <file name="/var/www/html/library_api/application/app/Domain/Disciplines/Resources/DisciplineListResource.php">
        <class name="App\Domain\Disciplines\Resources\DisciplineListResource" namespace="App\Domain\Disciplines\Resources">
          <metrics complexity="1" methods="1" coveredmethods="1" conditionals="0" coveredconditionals="0" statements="1" coveredstatements="1" elements="2" coveredelements="2"/>
        </class>
        <line num="11" type="method" name="toArray" visibility="public" complexity="1" crap="1" count="2"/>
        <line num="13" type="stmt" count="2"/>
        <metrics loc="14" ncloc="14" classes="1" methods="1" coveredmethods="1" conditionals="0" coveredconditionals="0" statements="1" coveredstatements="1" elements="2" coveredelements="2"/>
      </file>
      <file name="/var/www/html/library_api/application/app/Domain/Disciplines/Resources/DisciplineResource.php">
        <class name="App\Domain\Disciplines\Resources\DisciplineResource" namespace="App\Domain\Disciplines\Resources">
          <metrics complexity="1" methods="1" coveredmethods="1" conditionals="0" coveredconditionals="0" statements="2" coveredstatements="2" elements="3" coveredelements="3"/>
        </class>
        <line num="8" type="method" name="toArray" visibility="public" complexity="1" crap="1" count="6"/>
        <line num="11" type="stmt" count="6"/>
        <line num="12" type="stmt" count="6"/>
        <metrics loc="14" ncloc="14" classes="1" methods="1" coveredmethods="1" conditionals="0" coveredconditionals="0" statements="2" coveredstatements="2" elements="3" coveredelements="3"/>
      </file>
    </package>
    <package name="App\Domain\Disciplines\Services">
      <file name="/var/www/html/library_api/application/app/Domain/Disciplines/Services/DisciplineService.php">
        <class name="App\Domain\Disciplines\Services\DisciplineService" namespace="App\Domain\Disciplines\Services">
          <metrics complexity="9" methods="5" coveredmethods="5" conditionals="0" coveredconditionals="0" statements="22" coveredstatements="22" elements="27" coveredelements="27"/>
        </class>
        <line num="21" type="method" name="__construct" visibility="public" complexity="1" crap="1" count="22"/>
        <line num="23" type="stmt" count="22"/>
        <line num="24" type="stmt" count="22"/>
        <line num="26" type="method" name="getAll" visibility="public" complexity="1" crap="1" count="2"/>
        <line num="28" type="stmt" count="2"/>
        <line num="29" type="stmt" count="2"/>
        <line num="32" type="method" name="create" visibility="public" complexity="2" crap="2" count="4"/>
        <line num="34" type="stmt" count="4"/>
        <line num="35" type="stmt" count="4"/>
        <line num="37" type="stmt" count="4"/>
        <line num="38" type="stmt" count="2"/>
        <line num="41" type="stmt" count="2"/>
        <line num="44" type="method" name="update" visibility="public" complexity="3" crap="3" count="6"/>
        <line num="46" type="stmt" count="6"/>
        <line num="47" type="stmt" count="6"/>
        <line num="48" type="stmt" count="6"/>
        <line num="50" type="stmt" count="6"/>
        <line num="51" type="stmt" count="2"/>
        <line num="54" type="stmt" count="4"/>
        <line num="55" type="stmt" count="2"/>
        <line num="58" type="stmt" count="2"/>
        <line num="61" type="method" name="getById" visibility="public" complexity="2" crap="2" count="12"/>
        <line num="63" type="stmt" count="12"/>
        <line num="64" type="stmt" count="12"/>
        <line num="65" type="stmt" count="12"/>
        <line num="66" type="stmt" count="4"/>
        <line num="68" type="stmt" count="10"/>
        <metrics loc="70" ncloc="70" classes="1" methods="5" coveredmethods="5" conditionals="0" coveredconditionals="0" statements="22" coveredstatements="22" elements="27" coveredelements="27"/>
      </file>
    </package>
    <package name="App\Domain\Disciplines\Validators">
      <file name="/var/www/html/library_api/application/app/Domain/Disciplines/Validators/DisciplineValidator.php">
        <class name="App\Domain\Disciplines\Validators\DisciplineValidator" namespace="App\Domain\Disciplines\Validators">
          <metrics complexity="5" methods="5" coveredmethods="5" conditionals="0" coveredconditionals="0" statements="10" coveredstatements="10" elements="15" coveredelements="15"/>
        </class>
        <line num="11" type="method" name="__construct" visibility="public" complexity="1" crap="1" count="10"/>
        <line num="13" type="stmt" count="10"/>
        <line num="14" type="stmt" count="10"/>
        <line num="16" type="method" name="validateCreate" visibility="public" complexity="1" crap="1" count="4"/>
        <line num="18" type="stmt" count="4"/>
        <line num="19" type="stmt" count="4"/>
        <line num="23" type="method" name="validateUpdate" visibility="public" complexity="1" crap="1" count="6"/>
        <line num="25" type="stmt" count="6"/>
        <line num="26" type="stmt" count="6"/>
        <line num="30" type="method" name="make" visibility="public" complexity="1" crap="1" count="10"/>
        <line num="32" type="stmt" count="10"/>
        <line num="33" type="stmt" count="10"/>
        <line num="36" type="method" name="setMessages" visibility="private" complexity="1" crap="1" count="10"/>
        <line num="38" type="stmt" count="10"/>
        <line num="42" type="stmt" count="10"/>
        <metrics loc="44" ncloc="44" classes="1" methods="5" coveredmethods="5" conditionals="0" coveredconditionals="0" statements="10" coveredstatements="10" elements="15" coveredelements="15"/>
      </file>
    </package>
    <metrics files="30" loc="989" ncloc="989" classes="24" methods="83" coveredmethods="80" conditionals="0" coveredconditionals="0" statements="247" coveredstatements="244" elements="330" coveredelements="324"/>
  </project>
</coverage>
